app/build/outputs/logs/manifest-merger-debug-report.txt
-- Merging decision tree log ---
manifest
ADDED from src\main\AndroidManifest.xml:2:1-137:12
	package
		ADDED from src\main\AndroidManifest.xml:3:5-37
		INJECTED from src\main\AndroidManifest.xml
		INJECTED from src\main\AndroidManifest.xml
	android:versionName
		ADDED from src\main\AndroidManifest.xml:5:5-30
		INJECTED from src\main\AndroidManifest.xml
		INJECTED from src\main\AndroidManifest.xml
	android:versionCode
		ADDED from src\main\AndroidManifest.xml:4:5-28
		INJECTED from src\main\AndroidManifest.xml
		INJECTED from src\main\AndroidManifest.xml
	xmlns:android
		ADDED from src\main\AndroidManifest.xml:2:11-69
uses-sdk
ADDED from src\main\AndroidManifest.xml:10:4-11:38
	android:targetSdkVersion
		INJECTED from src\main\AndroidManifest.xml
		INJECTED from src\main\AndroidManifest.xml
	android:minSdkVersion
		ADDED from src\main\AndroidManifest.xml:11:9-34
		INJECTED from src\main\AndroidManifest.xml
		INJECTED from src\main\AndroidManifest.xml
uses-permission#android.permission.INTERNET
ADDED from src\main\AndroidManifest.xml:12:3-65
	android:name
		ADDED from src\main\AndroidManifest.xml:12:20-62
uses-permission#android.permission.CAMERA
ADDED from src\main\AndroidManifest.xml:13:3-62
	android:name
		ADDED from src\main\AndroidManifest.xml:13:20-60
uses-permission#android.permission.ACCESS_MOCK_LOCATION
ADDED from src\main\AndroidManifest.xml:14:5-79
	android:name
		ADDED from src\main\AndroidManifest.xml:14:22-76
uses-permission#android.permission.CHANGE_CONFIGURATION
ADDED from src\main\AndroidManifest.xml:15:5-79
	android:name
		ADDED from src\main\AndroidManifest.xml:15:22-76
uses-permission#android.permission.RECEIVE_BOOT_COMPLETED
ADDED from src\main\AndroidManifest.xml:16:5-81
	android:name
		ADDED from src\main\AndroidManifest.xml:16:22-78
uses-permission#android.permission.CALL_PHONE
ADDED from src\main\AndroidManifest.xml:19:5-85
	android:name
		ADDED from src\main\AndroidManifest.xml:19:22-66
uses-permission#android.permission.SEND_SMS
ADDED from src\main\AndroidManifest.xml:21:5-67
	android:name
		ADDED from src\main\AndroidManifest.xml:21:22-64
uses-permission#android.permission.VIBRATE
ADDED from src\main\AndroidManifest.xml:23:5-66
	android:name
		ADDED from src\main\AndroidManifest.xml:23:22-63
uses-permission#android.permission.WAKE_LOCK
ADDED from src\main\AndroidManifest.xml:24:5-68
	android:name
		ADDED from src\main\AndroidManifest.xml:24:22-65
uses-permission#android.permission.WRITE_SETTINGS
ADDED from src\main\AndroidManifest.xml:25:5-73
	android:name
		ADDED from src\main\AndroidManifest.xml:25:22-70
uses-permission#android.permission.READ_EXTERNAL_STORAGE
ADDED from src\main\AndroidManifest.xml:27:5-79
	android:name
		ADDED from src\main\AndroidManifest.xml:27:22-77
uses-permission#android.permission.ACCESS_COARSE_LOCATION
ADDED from src\main\AndroidManifest.xml:31:5-32:23
	android:name
		ADDED from src\main\AndroidManifest.xml:31:22-78
uses-permission#android.permission.ACCESS_FINE_LOCATION
ADDED from src\main\AndroidManifest.xml:34:5-35:23
	android:name
		ADDED from src\main\AndroidManifest.xml:34:22-76
uses-permission#android.permission.ACCESS_WIFI_STATE
ADDED from src\main\AndroidManifest.xml:37:5-38:23
	android:name
		ADDED from src\main\AndroidManifest.xml:37:22-73
uses-permission#android.permission.ACCESS_NETWORK_STATE
ADDED from src\main\AndroidManifest.xml:40:5-41:23
	android:name
		ADDED from src\main\AndroidManifest.xml:40:22-76
uses-permission#android.permission.CHANGE_WIFI_STATE
ADDED from src\main\AndroidManifest.xml:43:5-44:23
	android:name
		ADDED from src\main\AndroidManifest.xml:43:22-73
uses-permission#android.permission.READ_PHONE_STATE
ADDED from src\main\AndroidManifest.xml:46:5-47:23
	android:name
		ADDED from src\main\AndroidManifest.xml:46:22-72
uses-permission#android.permission.WRITE_EXTERNAL_STORAGE
ADDED from src\main\AndroidManifest.xml:49:5-50:23
	android:name
		ADDED from src\main\AndroidManifest.xml:49:22-78
uses-permission#android.permission.MOUNT_UNMOUNT_FILESYSTEMS
ADDED from src\main\AndroidManifest.xml:52:5-53:23
	android:name
		ADDED from src\main\AndroidManifest.xml:52:22-81
uses-permission#android.permission.READ_LOGS
ADDED from src\main\AndroidManifest.xml:55:5-56:23
	android:name
		ADDED from src\main\AndroidManifest.xml:55:22-65
application
ADDED from src\main\AndroidManifest.xml:58:5-135:19
	android:label
		ADDED from src\main\AndroidManifest.xml:62:9-41
	android:allowBackup
		ADDED from src\main\AndroidManifest.xml:60:9-35
	android:icon
		ADDED from src\main\AndroidManifest.xml:61:9-40
	android:largeHeap
		ADDED from src\main\AndroidManifest.xml:64:9-33
	android:theme
		ADDED from src\main\AndroidManifest.xml:63:9-62
	android:name
		ADDED from src\main\AndroidManifest.xml:59:10-71
activity#com.xuexiang.viewpager.WelcomeActivity
ADDED from src\main\AndroidManifest.xml:66:9-74:20
	android:label
		ADDED from src\main\AndroidManifest.xml:68:13-45
	android:name
		ADDED from src\main\AndroidManifest.xml:67:13-66
intent-filter#android.intent.action.MAIN+android.intent.category.LAUNCHER
ADDED from src\main\AndroidManifest.xml:69:13-73:29
action#android.intent.action.MAIN
ADDED from src\main\AndroidManifest.xml:70:17-69
	android:name
		ADDED from src\main\AndroidManifest.xml:70:25-66
category#android.intent.category.LAUNCHER
ADDED from src\main\AndroidManifest.xml:72:17-77
	android:name
		ADDED from src\main\AndroidManifest.xml:72:27-74
activity#com.xuexiang.viewpager.fragment.MainFragmentPagerActivity
ADDED from src\main\AndroidManifest.xml:75:9-78:20
	android:label
		ADDED from src\main\AndroidManifest.xml:77:13-45
	android:name
		ADDED from src\main\AndroidManifest.xml:76:13-85
activity#com.xuexiang.viewpager.fragment.SettingActivity
ADDED from src\main\AndroidManifest.xml:79:9-94
	android:name
		ADDED from src\main\AndroidManifest.xml:79:19-81
activity#com.xuexiang.viewpager.fragment.UserInfo
ADDED from src\main\AndroidManifest.xml:81:9-87
	android:name
		ADDED from src\main\AndroidManifest.xml:81:20-75
activity#com.xuexiang.viewpager.fragment.Anniudianji
ADDED from src\main\AndroidManifest.xml:82:9-89
	android:name
		ADDED from src\main\AndroidManifest.xml:82:19-77
activity#com.xuexiang.viewpager.fragment.LoginActivity
ADDED from src\main\AndroidManifest.xml:83:9-91
	android:name
		ADDED from src\main\AndroidManifest.xml:83:19-79
activity#com.xuexiang.viewpager.fragment.RegisterActivity
ADDED from src\main\AndroidManifest.xml:84:9-94
	android:name
		ADDED from src\main\AndroidManifest.xml:84:19-82
activity#com.xuexiang.viewpager.fragment.DataInfo
ADDED from src\main\AndroidManifest.xml:85:9-86
	android:name
		ADDED from src\main\AndroidManifest.xml:85:19-74
activity#com.king.photo.activity.MainActivity
ADDED from src\main\AndroidManifest.xml:88:8-81
	android:name
		ADDED from src\main\AndroidManifest.xml:88:18-69
activity#com.king.photo.activity.ImageGridActivity
ADDED from src\main\AndroidManifest.xml:89:3-91:20
	android:name
		ADDED from src\main\AndroidManifest.xml:90:13-69
activity#com.king.photo.activity.TestPicActivity
ADDED from src\main\AndroidManifest.xml:92:9-94:14
	android:name
		ADDED from src\main\AndroidManifest.xml:93:13-67
activity#com.king.photo.activity.PhotoActivity
ADDED from src\main\AndroidManifest.xml:95:9-97:13
	android:name
		ADDED from src\main\AndroidManifest.xml:96:13-65
activity#com.king.photo.activity.AlbumActivity
ADDED from src\main\AndroidManifest.xml:99:9-102:20
	android:name
		ADDED from src\main\AndroidManifest.xml:100:13-65
activity#com.king.photo.activity.ImageFile
ADDED from src\main\AndroidManifest.xml:103:9-105:20
	android:name
		ADDED from src\main\AndroidManifest.xml:104:13-61
activity#com.king.photo.activity.ShowAllPhoto
ADDED from src\main\AndroidManifest.xml:106:9-108:20
	android:name
		ADDED from src\main\AndroidManifest.xml:107:13-64
activity#com.king.photo.activity.GalleryActivity
ADDED from src\main\AndroidManifest.xml:109:9-111:20
	android:name
		ADDED from src\main\AndroidManifest.xml:110:13-67
activity#com.xuexiang.video.activity.ActivityVideo
ADDED from src\main\AndroidManifest.xml:114:9-87
	android:name
		ADDED from src\main\AndroidManifest.xml:114:19-75
activity#com.xuexiang.video.activity.VideoAlbumActivity
ADDED from src\main\AndroidManifest.xml:115:9-92
	android:name
		ADDED from src\main\AndroidManifest.xml:115:19-80
activity#com.xuexiang.viewpager.fragment.ActivityTextContent
ADDED from src\main\AndroidManifest.xml:117:9-97
	android:name
		ADDED from src\main\AndroidManifest.xml:117:19-85
activity#com.xuexiang.viewpager.fragment.Activity_DataInfoSearch
ADDED from src\main\AndroidManifest.xml:119:9-101
	android:name
		ADDED from src\main\AndroidManifest.xml:119:19-89
activity#com.xuexiang.viewpager.fragment.Activity_DataInfoDetail
ADDED from src\main\AndroidManifest.xml:120:12-104
	android:name
		ADDED from src\main\AndroidManifest.xml:120:22-92
activity#com.xuexiang.viewpager.fragment.Activity_DataInfoDetailShow
ADDED from src\main\AndroidManifest.xml:121:12-108
	android:name
		ADDED from src\main\AndroidManifest.xml:121:22-96
activity#com.xuexiang.viewpager.fragment.Activity_DataInfoDetailShowImage
ADDED from src\main\AndroidManifest.xml:123:12-113
	android:name
		ADDED from src\main\AndroidManifest.xml:123:22-101
activity#com.xuexiang.viewpager.fragment.Activity_DataUpload
ADDED from src\main\AndroidManifest.xml:125:12-100
	android:name
		ADDED from src\main\AndroidManifest.xml:125:22-88
meta-data#com.baidu.lbsapi.API_KEY
ADDED from src\main\AndroidManifest.xml:129:14-131:56
	android:value
		ADDED from src\main\AndroidManifest.xml:131:13-53
	android:name
		ADDED from src\main\AndroidManifest.xml:130:13-52
activity#com.xuexiang.viewpager.fragment.XYBarChartActivity
ADDED from src\main\AndroidManifest.xml:133:14-101
	android:name
		ADDED from src\main\AndroidManifest.xml:133:24-89
activity#com.xuexiang.viewpager.fragment.Main_Download
ADDED from src\main\AndroidManifest.xml:134:14-96
	android:name
		ADDED from src\main\AndroidManifest.xml:134:24-84